121: error: Unexpected keyword argument "name" for "AddProject"  [call-arg]
121: error: Unexpected keyword argument "slug" for "AddProject"  [call-arg]
121: error: Unexpected keyword argument "description" for "AddProject"  [call-arg]
145: error: "Strict" expects no type arguments, but 1 given  [type-arg]
145: error: Incompatible types in assignment (expression has type "int", variable has type "Strict")  [assignment]
146: error: "Strict" expects no type arguments, but 1 given  [type-arg]
146: error: Incompatible types in assignment (expression has type "int", variable has type "Strict")  [assignment]
147: error: "Strict" expects no type arguments, but 1 given  [type-arg]
147: error: Incompatible types in assignment (expression has type "List[int]", variable has type "Strict")  [assignment]
148: error: "Strict" expects no type arguments, but 1 given  [type-arg]
148: error: Incompatible types in assignment (expression has type "Dict[str, int]", variable has type "Strict")  [assignment]